2022-12-07 10:52:56,064 INFO o.a.j.u.JMeterUtils: Setting Locale to en_US
2022-12-07 10:52:56,089 INFO o.a.j.JMeter: Loading user properties from: /root/lab/sw/apache-jmeter-5.4.3/bin/user.properties
2022-12-07 10:52:56,089 INFO o.a.j.JMeter: Loading system properties from: /root/lab/sw/apache-jmeter-5.4.3/bin/system.properties
2022-12-07 10:52:56,094 INFO o.a.j.JMeter: Copyright (c) 1998-2021 The Apache Software Foundation
2022-12-07 10:52:56,094 INFO o.a.j.JMeter: Version 5.4.3
2022-12-07 10:52:56,094 INFO o.a.j.JMeter: java.version=11.0.17
2022-12-07 10:52:56,094 INFO o.a.j.JMeter: java.vm.name=OpenJDK 64-Bit Server VM
2022-12-07 10:52:56,094 INFO o.a.j.JMeter: os.name=Linux
2022-12-07 10:52:56,094 INFO o.a.j.JMeter: os.arch=amd64
2022-12-07 10:52:56,095 INFO o.a.j.JMeter: os.version=3.10.0-1160.el7.x86_64
2022-12-07 10:52:56,095 INFO o.a.j.JMeter: file.encoding=UTF-8
2022-12-07 10:52:56,095 INFO o.a.j.JMeter: java.awt.headless=null
2022-12-07 10:52:56,095 INFO o.a.j.JMeter: Max memory     =1035993088
2022-12-07 10:52:56,095 INFO o.a.j.JMeter: Available Processors =4
2022-12-07 10:52:56,102 INFO o.a.j.JMeter: Default Locale=English (United States)
2022-12-07 10:52:56,103 INFO o.a.j.JMeter: JMeter  Locale=English (United States)
2022-12-07 10:52:56,103 INFO o.a.j.JMeter: JMeterHome=/root/lab/sw/apache-jmeter-5.4.3
2022-12-07 10:52:56,103 INFO o.a.j.JMeter: user.dir  =/root/lab/projects/guestbook
2022-12-07 10:52:56,103 INFO o.a.j.JMeter: PWD       =/root/lab/projects/guestbook
2022-12-07 10:52:56,103 INFO o.a.j.JMeter: IP: 192.168.56.140 Name: controller FullName: controller
2022-12-07 10:52:58,313 INFO o.a.j.JMeter: Setting LAF to: com.github.weisj.darklaf.DarkLaf:com.github.weisj.darklaf.theme.DarculaTheme
2022-12-07 10:52:58,669 INFO o.a.j.JMeter: Loaded icon properties from org/apache/jmeter/images/icon.properties
2022-12-07 10:53:00,339 INFO o.j.r.JARSourceHTTP: Found cached repo
2022-12-07 10:53:00,576 INFO o.j.r.PluginManager: Plugins Status: [jpgc-graphs-basic=2.0, jpgc-functions=2.1, jpgc-casutg=2.10, jpgc-dummy=0.4, jpgc-ffw=2.0, jpgc-fifo=0.2, jpgc-perfmon=2.1, jpgc-plugins-manager=1.7, jpgc-tst=2.5, jmeter-core=5.4.3, jmeter-ftp=5.4.3, jmeter-http=5.4.3, jmeter-jdbc=5.4.3, jmeter-jms=5.4.3, jmeter-junit=5.4.3, jmeter-java=5.4.3, jmeter-ldap=5.4.3, jmeter-mail=5.4.3, jmeter-mongodb=5.4.3, jmeter-native=5.4.3, jmeter-tcp=5.4.3, jmeter-components=5.4.3, jpgc-standard=2.0]
2022-12-07 10:53:00,578 INFO o.j.r.PluginManagerMenuItem: Plugins Manager has upgrades: [jpgc-functions, jpgc-plugins-manager]
2022-12-07 10:53:42,846 INFO o.a.j.s.FileServer: Default base='/root/lab/projects/guestbook'
2022-12-07 10:53:42,849 INFO o.a.j.g.a.Load: Loading file: /root/lab/sw/guestbook_loadtest.jmx
2022-12-07 10:53:42,850 INFO o.a.j.s.FileServer: Set new base='/root/lab/sw'
2022-12-07 10:53:43,006 INFO o.a.j.s.SaveService: Testplan (JMX) version: 2.2. Testlog (JTL) version: 2.2
2022-12-07 10:53:43,014 INFO o.a.j.s.SaveService: Using SaveService properties version 5.0
2022-12-07 10:53:43,016 INFO o.a.j.s.SaveService: Using SaveService properties file encoding UTF-8
2022-12-07 10:53:43,017 INFO o.a.j.s.SaveService: Loading file: /root/lab/sw/guestbook_loadtest.jmx
2022-12-07 10:53:43,232 INFO o.a.j.p.h.s.HTTPSamplerBase: Parser for text/html is org.apache.jmeter.protocol.http.parser.LagartoBasedHtmlParser
2022-12-07 10:53:43,233 INFO o.a.j.p.h.s.HTTPSamplerBase: Parser for application/xhtml+xml is org.apache.jmeter.protocol.http.parser.LagartoBasedHtmlParser
2022-12-07 10:53:43,233 INFO o.a.j.p.h.s.HTTPSamplerBase: Parser for application/xml is org.apache.jmeter.protocol.http.parser.LagartoBasedHtmlParser
2022-12-07 10:53:43,233 INFO o.a.j.p.h.s.HTTPSamplerBase: Parser for text/xml is org.apache.jmeter.protocol.http.parser.LagartoBasedHtmlParser
2022-12-07 10:53:43,234 INFO o.a.j.p.h.s.HTTPSamplerBase: Parser for text/vnd.wap.wml is org.apache.jmeter.protocol.http.parser.RegexpHTMLParser
2022-12-07 10:53:43,234 INFO o.a.j.p.h.s.HTTPSamplerBase: Parser for text/css is org.apache.jmeter.protocol.http.parser.CssParser
2022-12-07 10:53:43,498 INFO o.a.j.e.u.CompoundVariable: Note: Function class names must contain the string: '.functions.'
2022-12-07 10:53:43,499 INFO o.a.j.e.u.CompoundVariable: Note: Function class names must not contain the string: '.gui.'
2022-12-07 10:53:43,806 INFO o.a.j.s.SampleResult: Note: Sample TimeStamps are START times
2022-12-07 10:53:43,806 INFO o.a.j.s.SampleResult: sampleresult.default.encoding is set to ISO-8859-1
2022-12-07 10:53:43,807 INFO o.a.j.s.SampleResult: sampleresult.useNanoTime=true
2022-12-07 10:53:43,807 INFO o.a.j.s.SampleResult: sampleresult.nanoThreadSleep=5000
2022-12-07 10:53:43,998 INFO o.a.j.v.ViewResultsFullVisualizer: Add JavaFX to your Java installation if you want to use renderer: org.apache.jmeter.visualizers.RenderInBrowser
2022-12-07 10:53:44,064 INFO o.a.j.s.FileServer: Set new base='/root/lab/sw'
2022-12-07 10:54:18,035 INFO o.a.j.s.FileServer: Set new base='/root/lab/projects/guestbook/src/main/jmx'
